<?xml version="1.0" encoding="UTF-8"?>
<coverage generated="1713162914225" clover="3.2.0">
  <project timestamp="1713162914225" name="All files">
    <metrics statements="36" coveredstatements="21" conditionals="10" coveredconditionals="5" methods="13" coveredmethods="5" elements="59" coveredelements="31" complexity="0" loc="36" ncloc="36" packages="1" files="2" classes="2"/>
    <file name="Body.js" path="C:\Users\ENS\Desktop\Food-App\src\components\Body.js">
      <metrics statements="28" coveredstatements="14" conditionals="10" coveredconditionals="5" methods="10" coveredmethods="3"/>
      <line num="10" count="1" type="stmt"/>
      <line num="12" count="2" type="stmt"/>
      <line num="13" count="2" type="stmt"/>
      <line num="15" count="2" type="stmt"/>
      <line num="17" count="2" type="stmt"/>
      <line num="21" count="2" type="stmt"/>
      <line num="22" count="2" type="stmt"/>
      <line num="23" count="2" type="stmt"/>
      <line num="25" count="0" type="stmt"/>
      <line num="27" count="0" type="stmt"/>
      <line num="29" count="0" type="stmt"/>
      <line num="30" count="0" type="stmt"/>
      <line num="34" count="0" type="stmt"/>
      <line num="39" count="2" type="stmt"/>
      <line num="40" count="2" type="stmt"/>
      <line num="43" count="2" type="stmt"/>
      <line num="45" count="2" type="cond" truecount="1" falsecount="1"/>
      <line num="46" count="0" type="stmt"/>
      <line num="51" count="2" type="stmt"/>
      <line num="53" count="2" type="stmt"/>
      <line num="65" count="0" type="stmt"/>
      <line num="71" count="0" type="stmt"/>
      <line num="72" count="0" type="stmt"/>
      <line num="74" count="0" type="stmt"/>
      <line num="79" count="0" type="stmt"/>
      <line num="85" count="0" type="stmt"/>
      <line num="86" count="0" type="stmt"/>
      <line num="96" count="0" type="stmt"/>
    </file>
    <file name="RestaurantCard.js" path="C:\Users\ENS\Desktop\Food-App\src\components\RestaurantCard.js">
      <metrics statements="8" coveredstatements="7" conditionals="0" coveredconditionals="0" methods="3" coveredmethods="2"/>
      <line num="5" count="2" type="stmt"/>
      <line num="6" count="1" type="stmt"/>
      <line num="10" count="1" type="stmt"/>
      <line num="12" count="1" type="stmt"/>
      <line num="14" count="1" type="stmt"/>
      <line num="31" count="2" type="stmt"/>
      <line num="32" count="2" type="stmt"/>
      <line num="33" count="0" type="stmt"/>
    </file>
  </project>
</coverage>
