{"C:\\Users\\ENS\\Desktop\\Food-App\\src\\components\\Body.js": {"path":"C:\\Users\\ENS\\Desktop\\Food-App\\src\\components\\Body.js","statementMap":{"0":{"start":{"line":10,"column":13},"end":{"line":108,"column":1}},"1":{"start":{"line":12,"column":54},"end":{"line":12,"column":66}},"2":{"start":{"line":13,"column":56},"end":{"line":13,"column":68}},"3":{"start":{"line":15,"column":40},"end":{"line":15,"column":52}},"4":{"start":{"line":17,"column":31},"end":{"line":17,"column":63}},"5":{"start":{"line":21,"column":22},"end":{"line":36,"column":5}},"6":{"start":{"line":22,"column":8},"end":{"line":35,"column":9}},"7":{"start":{"line":23,"column":29},"end":{"line":23,"column":61}},"8":{"start":{"line":25,"column":28},"end":{"line":25,"column":47}},"9":{"start":{"line":27,"column":12},"end":{"line":27,"column":47}},"10":{"start":{"line":29,"column":12},"end":{"line":29,"column":112}},"11":{"start":{"line":30,"column":12},"end":{"line":30,"column":113}},"12":{"start":{"line":34,"column":12},"end":{"line":34,"column":66}},"13":{"start":{"line":39,"column":4},"end":{"line":41,"column":11}},"14":{"start":{"line":40,"column":8},"end":{"line":40,"column":20}},"15":{"start":{"line":43,"column":25},"end":{"line":43,"column":42}},"16":{"start":{"line":45,"column":4},"end":{"line":49,"column":5}},"17":{"start":{"line":46,"column":8},"end":{"line":48,"column":11}},"18":{"start":{"line":51,"column":42},"end":{"line":51,"column":65}},"19":{"start":{"line":53,"column":4},"end":{"line":107,"column":6}},"20":{"start":{"line":65,"column":32},"end":{"line":65,"column":62}},"21":{"start":{"line":71,"column":59},"end":{"line":73,"column":33}},"22":{"start":{"line":72,"column":36},"end":{"line":72,"column":98}},"23":{"start":{"line":74,"column":32},"end":{"line":74,"column":74}},"24":{"start":{"line":79,"column":202},"end":{"line":79,"column":229}},"25":{"start":{"line":85,"column":49},"end":{"line":85,"column":109}},"26":{"start":{"line":85,"column":83},"end":{"line":85,"column":108}},"27":{"start":{"line":86,"column":28},"end":{"line":86,"column":64}},"28":{"start":{"line":96,"column":24},"end":{"line":102,"column":31}}},"fnMap":{"0":{"name":"(anonymous_0)","decl":{"start":{"line":10,"column":13},"end":{"line":10,"column":14}},"loc":{"start":{"line":10,"column":19},"end":{"line":108,"column":1}},"line":10},"1":{"name":"(anonymous_1)","decl":{"start":{"line":21,"column":22},"end":{"line":21,"column":23}},"loc":{"start":{"line":21,"column":34},"end":{"line":36,"column":5}},"line":21},"2":{"name":"(anonymous_2)","decl":{"start":{"line":39,"column":14},"end":{"line":39,"column":15}},"loc":{"start":{"line":39,"column":20},"end":{"line":41,"column":5}},"line":39},"3":{"name":"(anonymous_3)","decl":{"start":{"line":64,"column":38},"end":{"line":64,"column":39}},"loc":{"start":{"line":64,"column":45},"end":{"line":66,"column":29}},"line":64},"4":{"name":"(anonymous_4)","decl":{"start":{"line":70,"column":37},"end":{"line":70,"column":38}},"loc":{"start":{"line":70,"column":43},"end":{"line":75,"column":29}},"line":70},"5":{"name":"(anonymous_5)","decl":{"start":{"line":71,"column":84},"end":{"line":71,"column":85}},"loc":{"start":{"line":72,"column":36},"end":{"line":72,"column":98}},"line":72},"6":{"name":"(anonymous_6)","decl":{"start":{"line":79,"column":195},"end":{"line":79,"column":196}},"loc":{"start":{"line":79,"column":202},"end":{"line":79,"column":229}},"line":79},"7":{"name":"(anonymous_7)","decl":{"start":{"line":84,"column":33},"end":{"line":84,"column":34}},"loc":{"start":{"line":84,"column":39},"end":{"line":87,"column":25}},"line":84},"8":{"name":"(anonymous_8)","decl":{"start":{"line":85,"column":74},"end":{"line":85,"column":75}},"loc":{"start":{"line":85,"column":83},"end":{"line":85,"column":108}},"line":85},"9":{"name":"(anonymous_9)","decl":{"start":{"line":95,"column":44},"end":{"line":95,"column":45}},"loc":{"start":{"line":96,"column":24},"end":{"line":102,"column":31}},"line":96}},"branchMap":{"0":{"loc":{"start":{"line":45,"column":4},"end":{"line":49,"column":5}},"type":"if","locations":[{"start":{"line":45,"column":4},"end":{"line":49,"column":5}},{"start":{},"end":{}}],"line":45},"1":{"loc":{"start":{"line":55,"column":13},"end":{"line":55,"column":58}},"type":"binary-expr","locations":[{"start":{"line":55,"column":13},"end":{"line":55,"column":43}},{"start":{"line":55,"column":47},"end":{"line":55,"column":58}}],"line":55},"2":{"loc":{"start":{"line":56,"column":13},"end":{"line":92,"column":13}},"type":"binary-expr","locations":[{"start":{"line":56,"column":13},"end":{"line":56,"column":41}},{"start":{"line":57,"column":16},"end":{"line":91,"column":22}}],"line":56},"3":{"loc":{"start":{"line":93,"column":13},"end":{"line":105,"column":13}},"type":"binary-expr","locations":[{"start":{"line":93,"column":13},"end":{"line":93,"column":41}},{"start":{"line":94,"column":16},"end":{"line":104,"column":22}}],"line":93},"4":{"loc":{"start":{"line":99,"column":32},"end":{"line":100,"column":79}},"type":"cond-expr","locations":[{"start":{"line":99,"column":68},"end":{"line":99,"column":111}},{"start":{"line":100,"column":39},"end":{"line":100,"column":78}}],"line":99}},"s":{"0":1,"1":2,"2":2,"3":2,"4":2,"5":2,"6":2,"7":2,"8":0,"9":0,"10":0,"11":0,"12":0,"13":2,"14":2,"15":2,"16":2,"17":0,"18":2,"19":2,"20":0,"21":0,"22":0,"23":0,"24":0,"25":0,"26":0,"27":0,"28":0},"f":{"0":2,"1":2,"2":2,"3":0,"4":0,"5":0,"6":0,"7":0,"8":0,"9":0},"b":{"0":[0,2],"1":[2,2],"2":[2,0],"3":[2,0],"4":[0,0]},"_coverageSchema":"1a1c01bbd47fc00a2c39e90264f33305004495a9","hash":"2bc8a4eb07d65ea4de32f411e16883122684d054"}
,"C:\\Users\\ENS\\Desktop\\Food-App\\src\\components\\RestaurantCard.js": {"path":"C:\\Users\\ENS\\Desktop\\Food-App\\src\\components\\RestaurantCard.js","statementMap":{"0":{"start":{"line":5,"column":23},"end":{"line":27,"column":1}},"1":{"start":{"line":6,"column":24},"end":{"line":6,"column":29}},"2":{"start":{"line":10,"column":87},"end":{"line":10,"column":100}},"3":{"start":{"line":12,"column":29},"end":{"line":12,"column":52}},"4":{"start":{"line":14,"column":4},"end":{"line":26,"column":6}},"5":{"start":{"line":31,"column":32},"end":{"line":40,"column":1}},"6":{"start":{"line":32,"column":4},"end":{"line":39,"column":5}},"7":{"start":{"line":33,"column":8},"end":{"line":38,"column":9}}},"fnMap":{"0":{"name":"(anonymous_0)","decl":{"start":{"line":5,"column":23},"end":{"line":5,"column":24}},"loc":{"start":{"line":5,"column":34},"end":{"line":27,"column":1}},"line":5},"1":{"name":"(anonymous_1)","decl":{"start":{"line":31,"column":32},"end":{"line":31,"column":33}},"loc":{"start":{"line":31,"column":52},"end":{"line":40,"column":1}},"line":31},"2":{"name":"(anonymous_2)","decl":{"start":{"line":32,"column":11},"end":{"line":32,"column":12}},"loc":{"start":{"line":32,"column":22},"end":{"line":39,"column":5}},"line":32}},"branchMap":{},"s":{"0":2,"1":1,"2":1,"3":1,"4":1,"5":2,"6":2,"7":0},"f":{"0":1,"1":2,"2":0},"b":{},"_coverageSchema":"1a1c01bbd47fc00a2c39e90264f33305004495a9","hash":"4fcf827a0d3e2770c3f6535c33014bf4806bea00"}
}
