{"C:\\Users\\amank\\OneDrive\\Desktop\\Food-App\\src\\components\\Contact.js": {"path":"C:\\Users\\amank\\OneDrive\\Desktop\\Food-App\\src\\components\\Contact.js","statementMap":{"0":{"start":{"line":1,"column":16},"end":{"line":17,"column":1}},"1":{"start":{"line":2,"column":4},"end":{"line":16,"column":6}}},"fnMap":{"0":{"name":"(anonymous_0)","decl":{"start":{"line":1,"column":16},"end":{"line":1,"column":17}},"loc":{"start":{"line":1,"column":21},"end":{"line":17,"column":1}},"line":1}},"branchMap":{},"s":{"0":1,"1":2},"f":{"0":2},"b":{},"_coverageSchema":"1a1c01bbd47fc00a2c39e90264f33305004495a9","hash":"f784b945b80f5083842770806686abd809ca2517"}
,"C:\\Users\\amank\\OneDrive\\Desktop\\Food-App\\src\\components\\Header.js": {"path":"C:\\Users\\amank\\OneDrive\\Desktop\\Food-App\\src\\components\\Header.js","statementMap":{"0":{"start":{"line":9,"column":15},"end":{"line":64,"column":1}},"1":{"start":{"line":11,"column":40},"end":{"line":11,"column":57}},"2":{"start":{"line":13,"column":25},"end":{"line":13,"column":42}},"3":{"start":{"line":15,"column":29},"end":{"line":15,"column":52}},"4":{"start":{"line":20,"column":22},"end":{"line":20,"column":62}},"5":{"start":{"line":20,"column":45},"end":{"line":20,"column":61}},"6":{"start":{"line":22,"column":4},"end":{"line":63,"column":6}},"7":{"start":{"line":50,"column":24},"end":{"line":55,"column":25}},"8":{"start":{"line":51,"column":28},"end":{"line":51,"column":52}},"9":{"start":{"line":54,"column":28},"end":{"line":54,"column":51}}},"fnMap":{"0":{"name":"(anonymous_0)","decl":{"start":{"line":9,"column":15},"end":{"line":9,"column":16}},"loc":{"start":{"line":9,"column":21},"end":{"line":64,"column":1}},"line":9},"1":{"name":"(anonymous_1)","decl":{"start":{"line":20,"column":34},"end":{"line":20,"column":35}},"loc":{"start":{"line":20,"column":45},"end":{"line":20,"column":61}},"line":20},"2":{"name":"(anonymous_2)","decl":{"start":{"line":49,"column":94},"end":{"line":49,"column":95}},"loc":{"start":{"line":49,"column":100},"end":{"line":57,"column":21}},"line":49}},"branchMap":{"0":{"loc":{"start":{"line":30,"column":39},"end":{"line":30,"column":63}},"type":"cond-expr","locations":[{"start":{"line":30,"column":54},"end":{"line":30,"column":57}},{"start":{"line":30,"column":60},"end":{"line":30,"column":63}}],"line":30},"1":{"loc":{"start":{"line":50,"column":24},"end":{"line":55,"column":25}},"type":"if","locations":[{"start":{"line":50,"column":24},"end":{"line":55,"column":25}},{"start":{"line":53,"column":29},"end":{"line":55,"column":25}}],"line":50}},"s":{"0":1,"1":4,"2":4,"3":4,"4":4,"5":7,"6":4,"7":1,"8":1,"9":0},"f":{"0":4,"1":7,"2":1},"b":{"0":[4,0],"1":[1,0]},"_coverageSchema":"1a1c01bbd47fc00a2c39e90264f33305004495a9","hash":"b70997be504b1f2bc4cd394628c067cfd7b0b803"}
,"C:\\Users\\amank\\OneDrive\\Desktop\\Food-App\\src\\components\\sum.js": {"path":"C:\\Users\\amank\\OneDrive\\Desktop\\Food-App\\src\\components\\sum.js","statementMap":{"0":{"start":{"line":1,"column":19},"end":{"line":3,"column":1}},"1":{"start":{"line":2,"column":4},"end":{"line":2,"column":17}}},"fnMap":{"0":{"name":"(anonymous_0)","decl":{"start":{"line":1,"column":19},"end":{"line":1,"column":20}},"loc":{"start":{"line":1,"column":29},"end":{"line":3,"column":1}},"line":1}},"branchMap":{},"s":{"0":1,"1":1},"f":{"0":1},"b":{},"_coverageSchema":"1a1c01bbd47fc00a2c39e90264f33305004495a9","hash":"1b935d02a955bc118afc60967b1b79a6df46e97f"}
,"C:\\Users\\amank\\OneDrive\\Desktop\\Food-App\\src\\utils\\UserContext.js": {"path":"C:\\Users\\amank\\OneDrive\\Desktop\\Food-App\\src\\utils\\UserContext.js","statementMap":{"0":{"start":{"line":3,"column":20},"end":{"line":5,"column":2}}},"fnMap":{},"branchMap":{},"s":{"0":1},"f":{},"b":{},"_coverageSchema":"1a1c01bbd47fc00a2c39e90264f33305004495a9","hash":"ed6e69019b5c841b26356230387a3f030d34f789"}
,"C:\\Users\\amank\\OneDrive\\Desktop\\Food-App\\src\\utils\\appStore.js": {"path":"C:\\Users\\amank\\OneDrive\\Desktop\\Food-App\\src\\utils\\appStore.js","statementMap":{"0":{"start":{"line":4,"column":17},"end":{"line":10,"column":1}}},"fnMap":{},"branchMap":{},"s":{"0":1},"f":{},"b":{},"_coverageSchema":"1a1c01bbd47fc00a2c39e90264f33305004495a9","hash":"c4aaf29c518b430347dbb95686fdb61077c4b5c6"}
,"C:\\Users\\amank\\OneDrive\\Desktop\\Food-App\\src\\utils\\cartSlice.js": {"path":"C:\\Users\\amank\\OneDrive\\Desktop\\Food-App\\src\\utils\\cartSlice.js","statementMap":{"0":{"start":{"line":3,"column":18},"end":{"line":20,"column":2}},"1":{"start":{"line":10,"column":12},"end":{"line":10,"column":45}},"2":{"start":{"line":13,"column":12},"end":{"line":13,"column":30}},"3":{"start":{"line":17,"column":12},"end":{"line":17,"column":35}},"4":{"start":{"line":22,"column":50},"end":{"line":22,"column":67}}},"fnMap":{"0":{"name":"(anonymous_0)","decl":{"start":{"line":9,"column":18},"end":{"line":9,"column":19}},"loc":{"start":{"line":9,"column":36},"end":{"line":11,"column":9}},"line":9},"1":{"name":"(anonymous_1)","decl":{"start":{"line":12,"column":21},"end":{"line":12,"column":22}},"loc":{"start":{"line":12,"column":32},"end":{"line":14,"column":9}},"line":12},"2":{"name":"(anonymous_2)","decl":{"start":{"line":16,"column":20},"end":{"line":16,"column":21}},"loc":{"start":{"line":16,"column":31},"end":{"line":18,"column":9}},"line":16}},"branchMap":{},"s":{"0":1,"1":0,"2":0,"3":0,"4":1},"f":{"0":0,"1":0,"2":0},"b":{},"_coverageSchema":"1a1c01bbd47fc00a2c39e90264f33305004495a9","hash":"02d1c87ea8c28df9c59e6c58c8c361612b491e3c"}
,"C:\\Users\\amank\\OneDrive\\Desktop\\Food-App\\src\\utils\\constants.js": {"path":"C:\\Users\\amank\\OneDrive\\Desktop\\Food-App\\src\\utils\\constants.js","statementMap":{"0":{"start":{"line":1,"column":23},"end":{"line":1,"column":106}},"1":{"start":{"line":3,"column":25},"end":{"line":3,"column":187}},"2":{"start":{"line":5,"column":17},"end":{"line":5,"column":86}},"3":{"start":{"line":7,"column":28},"end":{"line":7,"column":147}},"4":{"start":{"line":9,"column":31},"end":{"line":9,"column":165}}},"fnMap":{},"branchMap":{},"s":{"0":1,"1":1,"2":1,"3":1,"4":1},"f":{},"b":{},"_coverageSchema":"1a1c01bbd47fc00a2c39e90264f33305004495a9","hash":"b00b277f7b30c5d47f6a82b1f2fb80b68d93e6a2"}
,"C:\\Users\\amank\\OneDrive\\Desktop\\Food-App\\src\\utils\\useOnlineStatus.js": {"path":"C:\\Users\\amank\\OneDrive\\Desktop\\Food-App\\src\\utils\\useOnlineStatus.js","statementMap":{"0":{"start":{"line":3,"column":24},"end":{"line":18,"column":1}},"1":{"start":{"line":4,"column":44},"end":{"line":4,"column":60}},"2":{"start":{"line":6,"column":4},"end":{"line":15,"column":10}},"3":{"start":{"line":8,"column":8},"end":{"line":10,"column":10}},"4":{"start":{"line":9,"column":12},"end":{"line":9,"column":35}},"5":{"start":{"line":12,"column":8},"end":{"line":14,"column":10}},"6":{"start":{"line":13,"column":12},"end":{"line":13,"column":34}},"7":{"start":{"line":17,"column":4},"end":{"line":17,"column":24}}},"fnMap":{"0":{"name":"(anonymous_0)","decl":{"start":{"line":3,"column":24},"end":{"line":3,"column":25}},"loc":{"start":{"line":3,"column":30},"end":{"line":18,"column":1}},"line":3},"1":{"name":"(anonymous_1)","decl":{"start":{"line":6,"column":14},"end":{"line":6,"column":15}},"loc":{"start":{"line":6,"column":19},"end":{"line":15,"column":5}},"line":6},"2":{"name":"(anonymous_2)","decl":{"start":{"line":8,"column":43},"end":{"line":8,"column":44}},"loc":{"start":{"line":8,"column":49},"end":{"line":10,"column":9}},"line":8},"3":{"name":"(anonymous_3)","decl":{"start":{"line":12,"column":42},"end":{"line":12,"column":43}},"loc":{"start":{"line":12,"column":47},"end":{"line":14,"column":9}},"line":12}},"branchMap":{},"s":{"0":1,"1":4,"2":4,"3":3,"4":0,"5":3,"6":0,"7":4},"f":{"0":4,"1":3,"2":0,"3":0},"b":{},"_coverageSchema":"1a1c01bbd47fc00a2c39e90264f33305004495a9","hash":"61076a1ab75e0a9067e6919ab7178d61ba5926ec"}
}
