TN:
SF:src\components\Body.js
FN:10,(anonymous_0)
FN:21,(anonymous_1)
FN:39,(anonymous_2)
FN:64,(anonymous_3)
FN:70,(anonymous_4)
FN:71,(anonymous_5)
FN:79,(anonymous_6)
FN:84,(anonymous_7)
FN:85,(anonymous_8)
FN:95,(anonymous_9)
FNF:10
FNH:3
FNDA:2,(anonymous_0)
FNDA:2,(anonymous_1)
FNDA:2,(anonymous_2)
FNDA:0,(anonymous_3)
FNDA:0,(anonymous_4)
FNDA:0,(anonymous_5)
FNDA:0,(anonymous_6)
FNDA:0,(anonymous_7)
FNDA:0,(anonymous_8)
FNDA:0,(anonymous_9)
DA:10,1
DA:12,2
DA:13,2
DA:15,2
DA:17,2
DA:21,2
DA:22,2
DA:23,2
DA:25,0
DA:27,0
DA:29,0
DA:30,0
DA:34,0
DA:39,2
DA:40,2
DA:43,2
DA:45,2
DA:46,0
DA:51,2
DA:53,2
DA:65,0
DA:71,0
DA:72,0
DA:74,0
DA:79,0
DA:85,0
DA:86,0
DA:96,0
LF:28
LH:14
BRDA:45,0,0,0
BRDA:45,0,1,2
BRDA:55,1,0,2
BRDA:55,1,1,2
BRDA:56,2,0,2
BRDA:56,2,1,0
BRDA:93,3,0,2
BRDA:93,3,1,0
BRDA:99,4,0,0
BRDA:99,4,1,0
BRF:10
BRH:5
end_of_record
TN:
SF:src\components\Contact.js
FN:1,(anonymous_0)
FNF:1
FNH:1
FNDA:2,(anonymous_0)
DA:1,1
DA:2,2
LF:2
LH:2
BRF:0
BRH:0
end_of_record
TN:
SF:src\components\ItemList.js
FN:5,(anonymous_0)
FN:9,(anonymous_1)
FN:17,(anonymous_2)
FN:30,(anonymous_3)
FNF:4
FNH:0
FNDA:0,(anonymous_0)
FNDA:0,(anonymous_1)
FNDA:0,(anonymous_2)
FNDA:0,(anonymous_3)
DA:5,1
DA:7,0
DA:9,0
DA:11,0
DA:15,0
DA:18,0
DA:31,0
LF:7
LH:1
BRDA:17,0,0,0
BRDA:17,0,1,0
BRDA:23,1,0,0
BRDA:23,1,1,0
BRF:4
BRH:0
end_of_record
TN:
SF:src\components\RestaurantCard.js
FN:5,(anonymous_0)
FN:31,(anonymous_1)
FN:32,(anonymous_2)
FNF:3
FNH:2
FNDA:1,(anonymous_0)
FNDA:2,(anonymous_1)
FNDA:0,(anonymous_2)
DA:5,2
DA:6,1
DA:10,1
DA:12,1
DA:14,1
DA:31,2
DA:32,2
DA:33,0
LF:8
LH:7
BRF:0
BRH:0
end_of_record
TN:
SF:src\components\RestaurantMenu.js
FN:7,(anonymous_0)
FN:28,(anonymous_1)
FN:40,(anonymous_2)
FN:41,(anonymous_3)
FNF:4
FNH:1
FNDA:1,(anonymous_0)
FNDA:0,(anonymous_1)
FNDA:0,(anonymous_2)
FNDA:0,(anonymous_3)
DA:7,1
DA:8,1
DA:11,1
DA:14,1
DA:18,1
DA:20,1
DA:21,1
DA:24,0
DA:26,0
DA:28,0
DA:29,0
DA:34,0
DA:41,0
LF:13
LH:7
BRDA:20,0,0,1
BRDA:20,0,1,0
BRDA:41,1,0,0
BRDA:41,1,1,0
BRF:4
BRH:1
end_of_record
TN:
SF:src\utils\appStore.js
FNF:0
FNH:0
DA:4,2
LF:1
LH:1
BRF:0
BRH:0
end_of_record
