TN:
SF:src\components\Body.js
FN:10,(anonymous_0)
FN:21,(anonymous_1)
FN:39,(anonymous_2)
FN:64,(anonymous_3)
FN:70,(anonymous_4)
FN:71,(anonymous_5)
FN:79,(anonymous_6)
FN:84,(anonymous_7)
FN:85,(anonymous_8)
FN:95,(anonymous_9)
FNF:10
FNH:3
FNDA:2,(anonymous_0)
FNDA:2,(anonymous_1)
FNDA:2,(anonymous_2)
FNDA:0,(anonymous_3)
FNDA:0,(anonymous_4)
FNDA:0,(anonymous_5)
FNDA:0,(anonymous_6)
FNDA:0,(anonymous_7)
FNDA:0,(anonymous_8)
FNDA:0,(anonymous_9)
DA:10,1
DA:12,2
DA:13,2
DA:15,2
DA:17,2
DA:21,2
DA:22,2
DA:23,2
DA:25,0
DA:27,0
DA:29,0
DA:30,0
DA:34,0
DA:39,2
DA:40,2
DA:43,2
DA:45,2
DA:46,0
DA:51,2
DA:53,2
DA:65,0
DA:71,0
DA:72,0
DA:74,0
DA:79,0
DA:85,0
DA:86,0
DA:96,0
LF:28
LH:14
BRDA:45,0,0,0
BRDA:45,0,1,2
BRDA:55,1,0,2
BRDA:55,1,1,2
BRDA:56,2,0,2
BRDA:56,2,1,0
BRDA:93,3,0,2
BRDA:93,3,1,0
BRDA:99,4,0,0
BRDA:99,4,1,0
BRF:10
BRH:5
end_of_record
TN:
SF:src\components\RestaurantCard.js
FN:5,(anonymous_0)
FN:31,(anonymous_1)
FN:32,(anonymous_2)
FNF:3
FNH:2
FNDA:1,(anonymous_0)
FNDA:2,(anonymous_1)
FNDA:0,(anonymous_2)
DA:5,2
DA:6,1
DA:10,1
DA:12,1
DA:14,1
DA:31,2
DA:32,2
DA:33,0
LF:8
LH:7
BRF:0
BRH:0
end_of_record
